<?xml version="1.0" encoding="UTF-8"?>
<testng-results ignored="0" total="1" passed="1" failed="0" skipped="0">
  <reporter-output>
  </reporter-output>
  <suite started-at="2020-10-22T23:40:59 IST" name="Default suite" finished-at="2020-10-22T23:41:15 IST" duration-ms="15795">
    <groups>
    </groups>
    <test started-at="2020-10-22T23:40:59 IST" name="Default test" finished-at="2020-10-22T23:41:15 IST" duration-ms="15795">
      <class name="Test.Login">
        <test-method signature="test_Home_Page_Appear_Correct()[pri:0, instance:Test.Login@d21a74c]" started-at="2020-10-22T23:40:59 IST" name="test_Home_Page_Appear_Correct" finished-at="2020-10-22T23:41:15 IST" duration-ms="15745" status="PASS">
          <reporter-output>
          </reporter-output>
        </test-method> <!-- test_Home_Page_Appear_Correct -->
      </class> <!-- Test.Login -->
    </test> <!-- Default test -->
  </suite> <!-- Default suite -->
</testng-results>
